<?xml version="1.0" encoding="UTF-8" ?>

<testsuite failures="0" time="0.438" errors="0" skipped="0" tests="2" name="BasicTest">
  <testcase classname="BasicTest" name="aVeryImportantThingToTest" time="0.006">
      </testcase>
  <testcase classname="BasicTest" name="crearYRecuperarUsuario" time="0.432">
      </testcase>
</testsuite>